# JRE version: OpenJDK Runtime Environment (8.0_181-b13) (build 1.8.0_181-8u181-b13-0ubuntu0.16.04.1-b13)
# Java VM: OpenJDK 64-Bit Server VM (25.181-b13 mixed mode linux-amd64 compressed oops)
Heap:
 PSYoungGen      total 259072K, used 157390K [0x00000000e7000000, 0x0000000100000000, 0x0000000100000000)
  eden space 182272K, 44% used [0x00000000e7000000,0x00000000ebf05660,0x00000000f2200000)
  from space 76800K, 99% used [0x00000000f2200000,0x00000000f6cae218,0x00000000f6d00000)
  to   space 115200K, 0% used [0x00000000f8f80000,0x00000000f8f80000,0x0000000100000000)
 ParOldGen       total 238080K, used 158764K [0x00000000b5000000, 0x00000000c3880000, 0x00000000e7000000)
  object space 238080K, 66% used [0x00000000b5000000,0x00000000beb0b168,0x00000000c3880000)
 Metaspace       used 124193K, capacity 139196K, committed 139340K, reserved 1169408K
  class space    used 14257K, capacity 18439K, committed 18560K, reserved 1048576K
GC Heap History (10 events):
Event: 39.273 GC heap before
{Heap before GC invocations=45 (full 6):
 PSYoungGen      total 309248K, used 302431K [0x00000000e7000000, 0x0000000100000000, 0x0000000100000000)
  eden space 226304K, 100% used [0x00000000e7000000,0x00000000f4d00000,0x00000000f4d00000)
  from space 82944K, 91% used [0x00000000faf00000,0x00000000ff957de8,0x0000000100000000)
  to   space 91648K, 0% used [0x00000000f4d00000,0x00000000f4d00000,0x00000000fa680000)
 ParOldGen       total 238080K, used 158740K [0x00000000b5000000, 0x00000000c3880000, 0x00000000e7000000)
  object space 238080K, 66% used [0x00000000b5000000,0x00000000beb05168,0x00000000c3880000)
 Metaspace       used 121546K, capacity 136576K, committed 136780K, reserved 1167360K
  class space    used 14051K, capacity 18228K, committed 18304K, reserved 1048576K
Event: 39.323 GC heap after
Heap after GC invocations=45 (full 6):
 PSYoungGen      total 312832K, used 86078K [0x00000000e7000000, 0x0000000100000000, 0x0000000100000000)
  eden space 226304K, 0% used [0x00000000e7000000,0x00000000e7000000,0x00000000f4d00000)
  from space 86528K, 99% used [0x00000000f4d00000,0x00000000fa10fad0,0x00000000fa180000)
  to   space 96768K, 0% used [0x00000000fa180000,0x00000000fa180000,0x0000000100000000)
 ParOldGen       total 238080K, used 158740K [0x00000000b5000000, 0x00000000c3880000, 0x00000000e7000000)
  object space 238080K, 66% used [0x00000000b5000000,0x00000000beb05168,0x00000000c3880000)
 Metaspace       used 121546K, capacity 136576K, committed 136780K, reserved 1167360K
  class space    used 14051K, capacity 18228K, committed 18304K, reserved 1048576K
}
Event: 49.519 GC heap before
{Heap before GC invocations=46 (full 6):
 PSYoungGen      total 312832K, used 312382K [0x00000000e7000000, 0x0000000100000000, 0x0000000100000000)
  eden space 226304K, 100% used [0x00000000e7000000,0x00000000f4d00000,0x00000000f4d00000)
  from space 86528K, 99% used [0x00000000f4d00000,0x00000000fa10fad0,0x00000000fa180000)
  to   space 96768K, 0% used [0x00000000fa180000,0x00000000fa180000,0x0000000100000000)
 ParOldGen       total 238080K, used 158740K [0x00000000b5000000, 0x00000000c3880000, 0x00000000e7000000)
  object space 238080K, 66% used [0x00000000b5000000,0x00000000beb05168,0x00000000c3880000)
 Metaspace       used 122235K, capacity 137342K, committed 137548K, reserved 1169408K
  class space    used 14107K, capacity 18302K, committed 18304K, reserved 1048576K
Event: 49.631 GC heap after
Heap after GC invocations=46 (full 6):
 PSYoungGen      total 293376K, used 75174K [0x00000000e7000000, 0x0000000100000000, 0x0000000100000000)
  eden space 196608K, 0% used [0x00000000e7000000,0x00000000e7000000,0x00000000f3000000)
  from space 96768K, 77% used [0x00000000fa180000,0x00000000feae99f0,0x0000000100000000)
  to   space 106496K, 0% used [0x00000000f3000000,0x00000000f3000000,0x00000000f9800000)
 ParOldGen       total 238080K, used 158748K [0x00000000b5000000, 0x00000000c3880000, 0x00000000e7000000)
  object space 238080K, 66% used [0x00000000b5000000,0x00000000beb07168,0x00000000c3880000)
 Metaspace       used 122235K, capacity 137342K, committed 137548K, reserved 1169408K
  class space    used 14107K, capacity 18302K, committed 18304K, reserved 1048576K
}
Event: 3625.004 GC heap before
{Heap before GC invocations=47 (full 6):
 PSYoungGen      total 293376K, used 271782K [0x00000000e7000000, 0x0000000100000000, 0x0000000100000000)
  eden space 196608K, 100% used [0x00000000e7000000,0x00000000f3000000,0x00000000f3000000)
  from space 96768K, 77% used [0x00000000fa180000,0x00000000feae99f0,0x0000000100000000)
  to   space 106496K, 0% used [0x00000000f3000000,0x00000000f3000000,0x00000000f9800000)
 ParOldGen       total 238080K, used 158748K [0x00000000b5000000, 0x00000000c3880000, 0x00000000e7000000)
  object space 238080K, 66% used [0x00000000b5000000,0x00000000beb07168,0x00000000c3880000)
 Metaspace       used 123754K, capacity 138806K, committed 138956K, reserved 1169408K
  class space    used 14204K, capacity 18400K, committed 18432K, reserved 1048576K
Event: 3625.052 GC heap after
Heap after GC invocations=47 (full 6):
 PSYoungGen      total 275456K, used 78502K [0x00000000e7000000, 0x0000000100000000, 0x0000000100000000)
  eden space 196608K, 0% used [0x00000000e7000000,0x00000000e7000000,0x00000000f3000000)
  from space 78848K, 99% used [0x00000000f3000000,0x00000000f7ca9ba8,0x00000000f7d00000)
  to   space 110592K, 0% used [0x00000000f9400000,0x00000000f9400000,0x0000000100000000)
 ParOldGen       total 238080K, used 158756K [0x00000000b5000000, 0x00000000c3880000, 0x00000000e7000000)
  object space 238080K, 66% used [0x00000000b5000000,0x00000000beb09168,0x00000000c3880000)
 Metaspace       used 123754K, capacity 138806K, committed 138956K, reserved 1169408K
  class space    used 14204K, capacity 18400K, committed 18432K, reserved 1048576K
}
Event: 4920.247 GC heap before
{Heap before GC invocations=48 (full 6):
 PSYoungGen      total 275456K, used 275110K [0x00000000e7000000, 0x0000000100000000, 0x0000000100000000)
  eden space 196608K, 100% used [0x00000000e7000000,0x00000000f3000000,0x00000000f3000000)
  from space 78848K, 99% used [0x00000000f3000000,0x00000000f7ca9ba8,0x00000000f7d00000)
  to   space 110592K, 0% used [0x00000000f9400000,0x00000000f9400000,0x0000000100000000)
 ParOldGen       total 238080K, used 158756K [0x00000000b5000000, 0x00000000c3880000, 0x00000000e7000000)
  object space 238080K, 66% used [0x00000000b5000000,0x00000000beb09168,0x00000000c3880000)
 Metaspace       used 123926K, capacity 138974K, committed 139340K, reserved 1169408K
  class space    used 14227K, capacity 18434K, committed 18560K, reserved 1048576K
Event: 4920.310 GC heap after
Heap after GC invocations=48 (full 6):
 PSYoungGen      total 292864K, used 77019K [0x00000000e7000000, 0x0000000100000000, 0x0000000100000000)
  eden space 182272K, 0% used [0x00000000e7000000,0x00000000e7000000,0x00000000f2200000)
  from space 110592K, 69% used [0x00000000f9400000,0x00000000fdf36d70,0x0000000100000000)
  to   space 113664K, 0% used [0x00000000f2200000,0x00000000f2200000,0x00000000f9100000)
 ParOldGen       total 238080K, used 158764K [0x00000000b5000000, 0x00000000c3880000, 0x00000000e7000000)
  object space 238080K, 66% used [0x00000000b5000000,0x00000000beb0b168,0x00000000c3880000)
 Metaspace       used 123926K, capacity 138974K, committed 139340K, reserved 1169408K
  class space    used 14227K, capacity 18434K, committed 18560K, reserved 1048576K
}
Event: 4975.211 GC heap before
{Heap before GC invocations=49 (full 6):
 PSYoungGen      total 292864K, used 259291K [0x00000000e7000000, 0x0000000100000000, 0x0000000100000000)
  eden space 182272K, 100% used [0x00000000e7000000,0x00000000f2200000,0x00000000f2200000)
  from space 110592K, 69% used [0x00000000f9400000,0x00000000fdf36d70,0x0000000100000000)
  to   space 113664K, 0% used [0x00000000f2200000,0x00000000f2200000,0x00000000f9100000)
 ParOldGen       total 238080K, used 158764K [0x00000000b5000000, 0x00000000c3880000, 0x00000000e7000000)
  object space 238080K, 66% used [0x00000000b5000000,0x00000000beb0b168,0x00000000c3880000)
 Metaspace       used 123949K, capacity 138974K, committed 139340K, reserved 1169408K
  class space    used 14227K, capacity 18434K, committed 18560K, reserved 1048576K
Event: 4975.258 GC heap after
Heap after GC invocations=49 (full 6):
 PSYoungGen      total 259072K, used 76472K [0x00000000e7000000, 0x0000000100000000, 0x0000000100000000)
  eden space 182272K, 0% used [0x00000000e7000000,0x00000000e7000000,0x00000000f2200000)
  from space 76800K, 99% used [0x00000000f2200000,0x00000000f6cae218,0x00000000f6d00000)
  to   space 115200K, 0% used [0x00000000f8f80000,0x00000000f8f80000,0x0000000100000000)
 ParOldGen       total 238080K, used 158764K [0x00000000b5000000, 0x00000000c3880000, 0x00000000e7000000)
  object space 238080K, 66% used [0x00000000b5000000,0x00000000beb0b168,0x00000000c3880000)
 Metaspace       used 123949K, capacity 138974K, committed 139340K, reserved 1169408K
  class space    used 14227K, capacity 18434K, committed 18560K, reserved 1048576K
}

